{"/Users/josholloqui/solo-projects/qrcodes-be/src/app.ts": {"path":"/Users/josholloqui/solo-projects/qrcodes-be/src/app.ts","statementMap":{"0":{"start":{"line":1,"column":0},"end":{"line":1,"column":30}},"1":{"start":{"line":2,"column":0},"end":{"line":2,"column":24}},"2":{"start":{"line":3,"column":0},"end":{"line":3,"column":42}},"3":{"start":{"line":4,"column":0},"end":{"line":4,"column":47}},"4":{"start":{"line":6,"column":12},"end":{"line":6,"column":21}},"5":{"start":{"line":8,"column":0},"end":{"line":8,"column":16}},"6":{"start":{"line":10,"column":0},"end":{"line":10,"column":51}},"7":{"start":{"line":12,"column":0},"end":{"line":12,"column":43}},"8":{"start":{"line":14,"column":0},"end":{"line":14,"column":29}},"9":{"start":{"line":16,"column":0},"end":{"line":16,"column":19}}},"fnMap":{},"branchMap":{},"s":{"0":1,"1":1,"2":1,"3":1,"4":1,"5":1,"6":1,"7":1,"8":1,"9":1},"f":{},"b":{}}
,"/Users/josholloqui/solo-projects/qrcodes-be/src/sequelize.ts": {"path":"/Users/josholloqui/solo-projects/qrcodes-be/src/sequelize.ts","statementMap":{"0":{"start":{"line":1,"column":0},"end":{"line":1,"column":49}},"1":{"start":{"line":2,"column":0},"end":{"line":2,"column":28}},"2":{"start":{"line":4,"column":0},"end":{"line":4,"column":16}},"3":{"start":{"line":6,"column":13},"end":{"line":18,"column":null}}},"fnMap":{},"branchMap":{},"s":{"0":1,"1":1,"2":1,"3":1},"f":{},"b":{}}
,"/Users/josholloqui/solo-projects/qrcodes-be/src/controller/qrcodes.ts": {"path":"/Users/josholloqui/solo-projects/qrcodes-be/src/controller/qrcodes.ts","statementMap":{"0":{"start":{"line":1,"column":0},"end":{"line":1,"column":33}},"1":{"start":{"line":2,"column":0},"end":{"line":2,"column":38}},"2":{"start":{"line":4,"column":13},"end":{"line":4,"column":32}},"3":{"start":{"line":6,"column":0},"end":{"line":60,"column":null}},"4":{"start":{"line":7,"column":38},"end":{"line":18,"column":4}},"5":{"start":{"line":8,"column":4},"end":{"line":17,"column":null}},"6":{"start":{"line":9,"column":27},"end":{"line":13,"column":8}},"7":{"start":{"line":14,"column":6},"end":{"line":14,"column":null}},"8":{"start":{"line":16,"column":6},"end":{"line":16,"column":14}},"9":{"start":{"line":19,"column":38},"end":{"line":26,"column":4}},"10":{"start":{"line":20,"column":4},"end":{"line":25,"column":null}},"11":{"start":{"line":21,"column":28},"end":{"line":21,"column":50}},"12":{"start":{"line":22,"column":6},"end":{"line":22,"column":42}},"13":{"start":{"line":24,"column":6},"end":{"line":24,"column":14}},"14":{"start":{"line":27,"column":40},"end":{"line":34,"column":4}},"15":{"start":{"line":28,"column":4},"end":{"line":33,"column":null}},"16":{"start":{"line":29,"column":24},"end":{"line":29,"column":60}},"17":{"start":{"line":30,"column":6},"end":{"line":30,"column":null}},"18":{"start":{"line":32,"column":6},"end":{"line":32,"column":14}},"19":{"start":{"line":35,"column":40},"end":{"line":52,"column":4}},"20":{"start":{"line":36,"column":4},"end":{"line":51,"column":null}},"21":{"start":{"line":37,"column":27},"end":{"line":46,"column":null}},"22":{"start":{"line":48,"column":6},"end":{"line":48,"column":null}},"23":{"start":{"line":50,"column":6},"end":{"line":50,"column":14}},"24":{"start":{"line":53,"column":43},"end":{"line":60,"column":4}},"25":{"start":{"line":54,"column":25},"end":{"line":58,"column":6}},"26":{"start":{"line":59,"column":4},"end":{"line":59,"column":null}}},"fnMap":{"0":{"name":"(anonymous_8)","decl":{"start":{"line":7,"column":13},"end":{"line":7,"column":20}},"loc":{"start":{"line":7,"column":38},"end":{"line":18,"column":4}}},"1":{"name":"(anonymous_9)","decl":{"start":{"line":7,"column":38},"end":{"line":7,"column":null}},"loc":{"start":{"line":7,"column":38},"end":{"line":18,"column":3}}},"2":{"name":"(anonymous_10)","decl":{"start":{"line":19,"column":12},"end":{"line":19,"column":19}},"loc":{"start":{"line":19,"column":38},"end":{"line":26,"column":4}}},"3":{"name":"(anonymous_11)","decl":{"start":{"line":19,"column":38},"end":{"line":19,"column":null}},"loc":{"start":{"line":19,"column":38},"end":{"line":26,"column":3}}},"4":{"name":"(anonymous_12)","decl":{"start":{"line":27,"column":15},"end":{"line":27,"column":22}},"loc":{"start":{"line":27,"column":40},"end":{"line":34,"column":4}}},"5":{"name":"(anonymous_13)","decl":{"start":{"line":27,"column":40},"end":{"line":27,"column":null}},"loc":{"start":{"line":27,"column":40},"end":{"line":34,"column":3}}},"6":{"name":"(anonymous_14)","decl":{"start":{"line":35,"column":15},"end":{"line":35,"column":22}},"loc":{"start":{"line":35,"column":40},"end":{"line":52,"column":4}}},"7":{"name":"(anonymous_15)","decl":{"start":{"line":35,"column":40},"end":{"line":35,"column":null}},"loc":{"start":{"line":35,"column":40},"end":{"line":52,"column":3}}},"8":{"name":"(anonymous_16)","decl":{"start":{"line":53,"column":18},"end":{"line":53,"column":25}},"loc":{"start":{"line":53,"column":43},"end":{"line":60,"column":4}}},"9":{"name":"(anonymous_17)","decl":{"start":{"line":53,"column":43},"end":{"line":53,"column":null}},"loc":{"start":{"line":53,"column":43},"end":{"line":60,"column":3}}}},"branchMap":{},"s":{"0":1,"1":1,"2":1,"3":1,"4":6,"5":6,"6":6,"7":6,"8":0,"9":1,"10":1,"11":1,"12":1,"13":0,"14":2,"15":2,"16":2,"17":2,"18":0,"19":1,"20":1,"21":1,"22":1,"23":0,"24":1,"25":1,"26":1},"f":{"0":6,"1":6,"2":1,"3":1,"4":2,"5":2,"6":1,"7":1,"8":1,"9":1},"b":{}}
,"/Users/josholloqui/solo-projects/qrcodes-be/src/models/qrcode.ts": {"path":"/Users/josholloqui/solo-projects/qrcodes-be/src/models/qrcode.ts","statementMap":{"0":{"start":{"line":1,"column":0},"end":{"line":1,"column":93}},"1":{"start":{"line":4,"column":0},"end":{"line":26,"column":null}},"2":{"start":{"line":8,"column":2},"end":{"line":8,"column":null}},"3":{"start":{"line":12,"column":2},"end":{"line":12,"column":null}},"4":{"start":{"line":16,"column":2},"end":{"line":16,"column":null}},"5":{"start":{"line":20,"column":2},"end":{"line":20,"column":null}},"6":{"start":{"line":24,"column":2},"end":{"line":24,"column":null}},"7":{"start":{"line":4,"column":21},"end":{"line":26,"column":null}},"8":{"start":{"line":4,"column":21},"end":{"line":4,"column":28}}},"fnMap":{},"branchMap":{},"s":{"0":1,"1":1,"2":1,"3":1,"4":1,"5":1,"6":1,"7":1,"8":1},"f":{},"b":{}}
}
