TN:
SF:src/app.ts
FNF:0
FNH:0
DA:1,1
DA:2,1
DA:3,1
DA:4,1
DA:6,1
DA:8,1
DA:10,1
DA:12,1
DA:14,1
DA:16,1
LF:10
LH:10
BRF:0
BRH:0
end_of_record
TN:
SF:src/sequelize.ts
FNF:0
FNH:0
DA:1,1
DA:2,1
DA:4,1
DA:6,1
LF:4
LH:4
BRF:0
BRH:0
end_of_record
TN:
SF:src/controller/qrcodes.ts
FN:7,(anonymous_8)
FN:7,(anonymous_9)
FN:19,(anonymous_10)
FN:19,(anonymous_11)
FN:27,(anonymous_12)
FN:27,(anonymous_13)
FN:35,(anonymous_14)
FN:35,(anonymous_15)
FN:53,(anonymous_16)
FN:53,(anonymous_17)
FNF:10
FNH:10
FNDA:6,(anonymous_8)
FNDA:6,(anonymous_9)
FNDA:1,(anonymous_10)
FNDA:1,(anonymous_11)
FNDA:2,(anonymous_12)
FNDA:2,(anonymous_13)
FNDA:1,(anonymous_14)
FNDA:1,(anonymous_15)
FNDA:1,(anonymous_16)
FNDA:1,(anonymous_17)
DA:1,1
DA:2,1
DA:4,1
DA:6,1
DA:7,6
DA:8,6
DA:9,6
DA:14,6
DA:16,0
DA:19,1
DA:20,1
DA:21,1
DA:22,1
DA:24,0
DA:27,2
DA:28,2
DA:29,2
DA:30,2
DA:32,0
DA:35,1
DA:36,1
DA:37,1
DA:48,1
DA:50,0
DA:53,1
DA:54,1
DA:55,1
DA:60,1
DA:62,0
LF:29
LH:24
BRF:0
BRH:0
end_of_record
TN:
SF:src/models/qrcode.ts
FNF:0
FNH:0
DA:1,1
DA:4,1
DA:8,1
DA:12,1
DA:16,1
DA:20,1
DA:24,1
LF:7
LH:7
BRF:0
BRH:0
end_of_record
